<?xml version="1.0" encoding="UTF-8"?>
<testsuite name="Funcionalidades de la página demoblaze" tests="2" skipped="0" failures="0" errors="0" timestamp="2024-05-05T17:32:22" hostname="DESKTOP-E18IH93" time="73.073">
  <properties/>
  <testcase name="Registro de un nuevo usuario" classname="Funcionalidades de la página demoblaze" time="35.682"/>
  <testcase name="Realizar proceso completo de compra en demoblaze" classname="Funcionalidades de la página demoblaze" time="37.391"/>
  <system-out><![CDATA[]]></system-out>
  <system-err><![CDATA[[Test worker] INFO  - 
  _____   ___   ___   _____     ___   _____     _     ___   _____   ___   ___  
 |_   _| | __| / __| |_   _|   / __| |_   _|   /_\   | _ \ |_   _| | __| |   \ 
   | |   | _|  \__ \   | |     \__ \   | |    / _ \  |   /   | |   | _|  | |) |
   |_|   |___| |___/   |_|     |___/   |_|   /_/ \_\ |_|_\   |_|   |___| |___/ 

Registro de un nuevo usuario(funcionalidades-de-la-página-demoblaze;registro-de-un-nuevo-usuario)
--------------------------------------------------------------------------------
[Test worker] INFO net.serenitybdd.core.webdriver.driverproviders.ChromeDriverProvider - Starting Chrome driver instance with capabilities:
[Test worker] INFO net.serenitybdd.core.webdriver.driverproviders.ChromeDriverProvider - Capabilities {acceptInsecureCerts: false, browserName: chrome, goog:chromeOptions: {args: [start-maximized, incognito, test-type, no-sandbox, lang=es, disable-popup-blocking, disable-download-notification, ignore-certificate-errors, allow-running-insecure-content, disable-translate, always-authorize-plugins, disable-extensions, disable-notifications, lang=en, start-maximized, incognito, test-type, no-sandbox, lang=es, disable-popup-blocking, disable-download-notification, ignore-certificate-errors, allow-running-insecure-content, disable-translate, always-authorize-plugins, disable-extensions, disable-notifications, lang=en, remote-allow-origins=*], extensions: []}}
may. 05, 2024 12:32:31 P. M. org.openqa.selenium.devtools.CdpVersionFinder findNearestMatch
WARNING: Unable to find CDP implementation matching 124
may. 05, 2024 12:32:31 P. M. org.openqa.selenium.chromium.ChromiumDriver lambda$new$5
WARNING: Unable to find version of CDP to use for 124.0.6367.91. You may need to include a dependency on a specific version of the CDP using something similar to `org.seleniumhq.selenium:selenium-devtools-v86:4.14.1` where the version ("v86") matches the version of the chromium-based browser you're using and the version number of the artifact is the same as Selenium's.
[Test worker] INFO  - 
  _____   ___   ___   _____     ___     _     ___   ___   ___   ___  
 |_   _| | __| / __| |_   _|   | _ \   /_\   / __| / __| | __| |   \ 
   | |   | _|  \__ \   | |     |  _/  / _ \  \__ \ \__ \ | _|  | |) |
   |_|   |___| |___/   |_|     |_|   /_/ \_\ |___/ |___/ |___| |___/ 

Registro de un nuevo usuario
----------------------------------------------------------------------
[Test worker] INFO  - 
  _____   ___   ___   _____     ___   _____     _     ___   _____   ___   ___  
 |_   _| | __| / __| |_   _|   / __| |_   _|   /_\   | _ \ |_   _| | __| |   \ 
   | |   | _|  \__ \   | |     \__ \   | |    / _ \  |   /   | |   | _|  | |) |
   |_|   |___| |___/   |_|     |___/   |_|   /_/ \_\ |_|_\   |_|   |___| |___/ 

Realizar proceso completo de compra en demoblaze(funcionalidades-de-la-página-demoblaze;realizar-proceso-completo-de-compra-en-demoblaze)
--------------------------------------------------------------------------------
[Test worker] INFO net.serenitybdd.core.webdriver.driverproviders.ChromeDriverProvider - Starting Chrome driver instance with capabilities:
[Test worker] INFO net.serenitybdd.core.webdriver.driverproviders.ChromeDriverProvider - Capabilities {acceptInsecureCerts: false, browserName: chrome, goog:chromeOptions: {args: [start-maximized, incognito, test-type, no-sandbox, lang=es, disable-popup-blocking, disable-download-notification, ignore-certificate-errors, allow-running-insecure-content, disable-translate, always-authorize-plugins, disable-extensions, disable-notifications, lang=en, start-maximized, incognito, test-type, no-sandbox, lang=es, disable-popup-blocking, disable-download-notification, ignore-certificate-errors, allow-running-insecure-content, disable-translate, always-authorize-plugins, disable-extensions, disable-notifications, lang=en, remote-allow-origins=*], extensions: []}}
may. 05, 2024 12:33:00 P. M. org.openqa.selenium.devtools.CdpVersionFinder findNearestMatch
WARNING: Unable to find CDP implementation matching 124
may. 05, 2024 12:33:00 P. M. org.openqa.selenium.chromium.ChromiumDriver lambda$new$5
WARNING: Unable to find version of CDP to use for 124.0.6367.91. You may need to include a dependency on a specific version of the CDP using something similar to `org.seleniumhq.selenium:selenium-devtools-v86:4.14.1` where the version ("v86") matches the version of the chromium-based browser you're using and the version number of the artifact is the same as Selenium's.
[Test worker] INFO  - 
  _____   ___   ___   _____     ___     _     ___   ___   ___   ___  
 |_   _| | __| / __| |_   _|   | _ \   /_\   / __| / __| | __| |   \ 
   | |   | _|  \__ \   | |     |  _/  / _ \  \__ \ \__ \ | _|  | |) |
   |_|   |___| |___/   |_|     |_|   /_/ \_\ |___/ |___/ |___| |___/ 

Realizar proceso completo de compra en demoblaze
----------------------------------------------------------------------
]]></system-err>
</testsuite>
